# JRE version: OpenJDK Runtime Environment (11.0.12+7) (build 11.0.12+7-b1504.28-7817840)
# Java VM: OpenJDK 64-Bit Server VM (11.0.12+7-b1504.28-7817840, mixed mode, tiered, compressed oops, g1 gc, windows-amd64)
Heap:
 garbage-first heap   total 195584K, used 130833K [0x0000000080000000, 0x0000000100000000)
  region size 1024K, 18 young (18432K), 5 survivors (5120K)
 Metaspace       used 119574K, capacity 122610K, committed 123776K, reserved 1157120K
  class space    used 15132K, capacity 16314K, committed 16768K, reserved 1048576K
GC Heap History (20 events):
Event: 154.865 GC heap before
{Heap before GC invocations=31 (full 0):
 garbage-first heap   total 195584K, used 153711K [0x0000000080000000, 0x0000000100000000)
  region size 1024K, 56 young (57344K), 2 survivors (2048K)
 Metaspace       used 102162K, capacity 104492K, committed 104576K, reserved 1140736K
  class space    used 13064K, capacity 13921K, committed 13952K, reserved 1048576K
}
Event: 154.887 GC heap after
{Heap after GC invocations=32 (full 0):
 garbage-first heap   total 195584K, used 107379K [0x0000000080000000, 0x0000000100000000)
  region size 1024K, 7 young (7168K), 7 survivors (7168K)
 Metaspace       used 102162K, capacity 104492K, committed 104576K, reserved 1140736K
  class space    used 13064K, capacity 13921K, committed 13952K, reserved 1048576K
}
Event: 155.488 GC heap before
{Heap before GC invocations=32 (full 0):
 garbage-first heap   total 195584K, used 114547K [0x0000000080000000, 0x0000000100000000)
  region size 1024K, 16 young (16384K), 7 survivors (7168K)
 Metaspace       used 104165K, capacity 106579K, committed 106880K, reserved 1142784K
  class space    used 13286K, capacity 14151K, committed 14208K, reserved 1048576K
}
Event: 155.515 GC heap after
{Heap after GC invocations=33 (full 0):
 garbage-first heap   total 195584K, used 109467K [0x0000000080000000, 0x0000000100000000)
  region size 1024K, 2 young (2048K), 2 survivors (2048K)
 Metaspace       used 104165K, capacity 106579K, committed 106880K, reserved 1142784K
  class space    used 13286K, capacity 14151K, committed 14208K, reserved 1048576K
}
Event: 165.677 GC heap before
{Heap before GC invocations=34 (full 0):
 garbage-first heap   total 195584K, used 144283K [0x0000000080000000, 0x0000000100000000)
  region size 1024K, 34 young (34816K), 2 survivors (2048K)
 Metaspace       used 104634K, capacity 107112K, committed 107136K, reserved 1142784K
  class space    used 13327K, capacity 14199K, committed 14208K, reserved 1048576K
}
Event: 165.691 GC heap after
{Heap after GC invocations=35 (full 0):
 garbage-first heap   total 195584K, used 119808K [0x0000000080000000, 0x0000000100000000)
  region size 1024K, 5 young (5120K), 5 survivors (5120K)
 Metaspace       used 104634K, capacity 107112K, committed 107136K, reserved 1142784K
  class space    used 13327K, capacity 14199K, committed 14208K, reserved 1048576K
}
Event: 166.096 GC heap before
{Heap before GC invocations=35 (full 0):
 garbage-first heap   total 195584K, used 122880K [0x0000000080000000, 0x0000000100000000)
  region size 1024K, 9 young (9216K), 5 survivors (5120K)
 Metaspace       used 104800K, capacity 107282K, committed 107520K, reserved 1142784K
  class space    used 13337K, capacity 14212K, committed 14336K, reserved 1048576K
}
Event: 166.109 GC heap after
{Heap after GC invocations=36 (full 0):
 garbage-first heap   total 195584K, used 119099K [0x0000000080000000, 0x0000000100000000)
  region size 1024K, 2 young (2048K), 2 survivors (2048K)
 Metaspace       used 104800K, capacity 107282K, committed 107520K, reserved 1142784K
  class space    used 13337K, capacity 14212K, committed 14336K, reserved 1048576K
}
Event: 167.737 GC heap before
{Heap before GC invocations=36 (full 0):
 garbage-first heap   total 195584K, used 147771K [0x0000000080000000, 0x0000000100000000)
  region size 1024K, 30 young (30720K), 2 survivors (2048K)
 Metaspace       used 106865K, capacity 109380K, committed 109440K, reserved 1144832K
  class space    used 13513K, capacity 14437K, committed 14464K, reserved 1048576K
}
Event: 167.748 GC heap after
{Heap after GC invocations=37 (full 0):
 garbage-first heap   total 195584K, used 122880K [0x0000000080000000, 0x0000000100000000)
  region size 1024K, 4 young (4096K), 4 survivors (4096K)
 Metaspace       used 106865K, capacity 109380K, committed 109440K, reserved 1144832K
  class space    used 13513K, capacity 14437K, committed 14464K, reserved 1048576K
}
Event: 172.737 GC heap before
{Heap before GC invocations=38 (full 0):
 garbage-first heap   total 195584K, used 153600K [0x0000000080000000, 0x0000000100000000)
  region size 1024K, 33 young (33792K), 4 survivors (4096K)
 Metaspace       used 109441K, capacity 112067K, committed 112128K, reserved 1146880K
  class space    used 13862K, capacity 14812K, committed 14848K, reserved 1048576K
}
Event: 172.749 GC heap after
{Heap after GC invocations=39 (full 0):
 garbage-first heap   total 195584K, used 124560K [0x0000000080000000, 0x0000000100000000)
  region size 1024K, 3 young (3072K), 3 survivors (3072K)
 Metaspace       used 109441K, capacity 112067K, committed 112128K, reserved 1146880K
  class space    used 13862K, capacity 14812K, committed 14848K, reserved 1048576K
}
Event: 173.140 GC heap before
{Heap before GC invocations=39 (full 0):
 garbage-first heap   total 195584K, used 129680K [0x0000000080000000, 0x0000000100000000)
  region size 1024K, 9 young (9216K), 3 survivors (3072K)
 Metaspace       used 110712K, capacity 113361K, committed 113664K, reserved 1148928K
  class space    used 14037K, capacity 15037K, committed 15104K, reserved 1048576K
}
Event: 173.164 GC heap after
{Heap after GC invocations=40 (full 0):
 garbage-first heap   total 195584K, used 119389K [0x0000000080000000, 0x0000000100000000)
  region size 1024K, 1 young (1024K), 1 survivors (1024K)
 Metaspace       used 110712K, capacity 113361K, committed 113664K, reserved 1148928K
  class space    used 14037K, capacity 15037K, committed 15104K, reserved 1048576K
}
Event: 174.407 GC heap before
{Heap before GC invocations=40 (full 0):
 garbage-first heap   total 195584K, used 151133K [0x0000000080000000, 0x0000000100000000)
  region size 1024K, 33 young (33792K), 1 survivors (1024K)
 Metaspace       used 114364K, capacity 117366K, committed 117504K, reserved 1150976K
  class space    used 14645K, capacity 15820K, committed 15872K, reserved 1048576K
}
Event: 174.427 GC heap after
{Heap after GC invocations=41 (full 0):
 garbage-first heap   total 195584K, used 125952K [0x0000000080000000, 0x0000000100000000)
  region size 1024K, 5 young (5120K), 5 survivors (5120K)
 Metaspace       used 114364K, capacity 117366K, committed 117504K, reserved 1150976K
  class space    used 14645K, capacity 15820K, committed 15872K, reserved 1048576K
}
Event: 175.611 GC heap before
{Heap before GC invocations=42 (full 0):
 garbage-first heap   total 195584K, used 154624K [0x0000000080000000, 0x0000000100000000)
  region size 1024K, 34 young (34816K), 5 survivors (5120K)
 Metaspace       used 117561K, capacity 120687K, committed 120832K, reserved 1153024K
  class space    used 15057K, capacity 16262K, committed 16384K, reserved 1048576K
}
Event: 175.632 GC heap after
{Heap after GC invocations=43 (full 0):
 garbage-first heap   total 195584K, used 127665K [0x0000000080000000, 0x0000000100000000)
  region size 1024K, 3 young (3072K), 3 survivors (3072K)
 Metaspace       used 117561K, capacity 120687K, committed 120832K, reserved 1153024K
  class space    used 15057K, capacity 16262K, committed 16384K, reserved 1048576K
}
Event: 175.777 GC heap before
{Heap before GC invocations=43 (full 0):
 garbage-first heap   total 195584K, used 133809K [0x0000000080000000, 0x0000000100000000)
  region size 1024K, 9 young (9216K), 3 survivors (3072K)
 Metaspace       used 117811K, capacity 120952K, committed 121088K, reserved 1155072K
  class space    used 15060K, capacity 16262K, committed 16384K, reserved 1048576K
}
Event: 175.784 GC heap after
{Heap after GC invocations=44 (full 0):
 garbage-first heap   total 195584K, used 116887K [0x0000000080000000, 0x0000000100000000)
  region size 1024K, 1 young (1024K), 1 survivors (1024K)
 Metaspace       used 117811K, capacity 120952K, committed 121088K, reserved 1155072K
  class space    used 15060K, capacity 16262K, committed 16384K, reserved 1048576K
}

