# JRE version: OpenJDK Runtime Environment (11.0.12+7) (build 11.0.12+7-b1504.28-7817840)
# Java VM: OpenJDK 64-Bit Server VM (11.0.12+7-b1504.28-7817840, mixed mode, tiered, compressed oops, g1 gc, windows-amd64)
Heap:
 garbage-first heap   total 131072K, used 87294K [0x0000000080000000, 0x0000000100000000)
  region size 1024K, 45 young (46080K), 8 survivors (8192K)
 Metaspace       used 65564K, capacity 67140K, committed 67328K, reserved 1107968K
  class space    used 8365K, capacity 8945K, committed 8960K, reserved 1048576K
GC Heap History (20 events):
Event: 9.152 GC heap before
{Heap before GC invocations=3 (full 0):
 garbage-first heap   total 131072K, used 59304K [0x0000000080000000, 0x0000000100000000)
  region size 1024K, 51 young (52224K), 5 survivors (5120K)
 Metaspace       used 18511K, capacity 18882K, committed 19072K, reserved 1067008K
  class space    used 2209K, capacity 2341K, committed 2432K, reserved 1048576K
}
Event: 9.162 GC heap after
{Heap after GC invocations=4 (full 0):
 garbage-first heap   total 131072K, used 16520K [0x0000000080000000, 0x0000000100000000)
  region size 1024K, 7 young (7168K), 7 survivors (7168K)
 Metaspace       used 18511K, capacity 18882K, committed 19072K, reserved 1067008K
  class space    used 2209K, capacity 2341K, committed 2432K, reserved 1048576K
}
Event: 12.806 GC heap before
{Heap before GC invocations=4 (full 0):
 garbage-first heap   total 131072K, used 38024K [0x0000000080000000, 0x0000000100000000)
  region size 1024K, 29 young (29696K), 7 survivors (7168K)
 Metaspace       used 20772K, capacity 21142K, committed 21248K, reserved 1067008K
  class space    used 2549K, capacity 2711K, committed 2816K, reserved 1048576K
}
Event: 12.813 GC heap after
{Heap after GC invocations=5 (full 0):
 garbage-first heap   total 131072K, used 17240K [0x0000000080000000, 0x0000000100000000)
  region size 1024K, 6 young (6144K), 6 survivors (6144K)
 Metaspace       used 20772K, capacity 21142K, committed 21248K, reserved 1067008K
  class space    used 2549K, capacity 2711K, committed 2816K, reserved 1048576K
}
Event: 15.631 GC heap before
{Heap before GC invocations=6 (full 0):
 garbage-first heap   total 131072K, used 67416K [0x0000000080000000, 0x0000000100000000)
  region size 1024K, 55 young (56320K), 6 survivors (6144K)
 Metaspace       used 25933K, capacity 26455K, committed 26624K, reserved 1073152K
  class space    used 3351K, capacity 3551K, committed 3584K, reserved 1048576K
}
Event: 15.639 GC heap after
{Heap after GC invocations=7 (full 0):
 garbage-first heap   total 131072K, used 19300K [0x0000000080000000, 0x0000000100000000)
  region size 1024K, 3 young (3072K), 3 survivors (3072K)
 Metaspace       used 25933K, capacity 26455K, committed 26624K, reserved 1073152K
  class space    used 3351K, capacity 3551K, committed 3584K, reserved 1048576K
}
Event: 20.170 GC heap before
{Heap before GC invocations=7 (full 0):
 garbage-first heap   total 131072K, used 81764K [0x0000000080000000, 0x0000000100000000)
  region size 1024K, 65 young (66560K), 3 survivors (3072K)
 Metaspace       used 34985K, capacity 35790K, committed 35840K, reserved 1081344K
  class space    used 4537K, capacity 4839K, committed 4864K, reserved 1048576K
}
Event: 20.184 GC heap after
{Heap after GC invocations=8 (full 0):
 garbage-first heap   total 131072K, used 22275K [0x0000000080000000, 0x0000000100000000)
  region size 1024K, 6 young (6144K), 6 survivors (6144K)
 Metaspace       used 34985K, capacity 35790K, committed 35840K, reserved 1081344K
  class space    used 4537K, capacity 4839K, committed 4864K, reserved 1048576K
}
Event: 24.380 GC heap before
{Heap before GC invocations=9 (full 0):
 garbage-first heap   total 131072K, used 87811K [0x0000000080000000, 0x0000000100000000)
  region size 1024K, 68 young (69632K), 6 survivors (6144K)
 Metaspace       used 39971K, capacity 40915K, committed 41088K, reserved 1085440K
  class space    used 5117K, capacity 5434K, committed 5504K, reserved 1048576K
}
Event: 24.404 GC heap after
{Heap after GC invocations=10 (full 0):
 garbage-first heap   total 131072K, used 27469K [0x0000000080000000, 0x0000000100000000)
  region size 1024K, 9 young (9216K), 9 survivors (9216K)
 Metaspace       used 39971K, capacity 40915K, committed 41088K, reserved 1085440K
  class space    used 5117K, capacity 5434K, committed 5504K, reserved 1048576K
}
Event: 26.937 GC heap before
{Heap before GC invocations=10 (full 0):
 garbage-first heap   total 131072K, used 90957K [0x0000000080000000, 0x0000000100000000)
  region size 1024K, 70 young (71680K), 9 survivors (9216K)
 Metaspace       used 45499K, capacity 46553K, committed 46720K, reserved 1089536K
  class space    used 5858K, capacity 6238K, committed 6272K, reserved 1048576K
}
Event: 26.954 GC heap after
{Heap after GC invocations=11 (full 0):
 garbage-first heap   total 131072K, used 30244K [0x0000000080000000, 0x0000000100000000)
  region size 1024K, 4 young (4096K), 4 survivors (4096K)
 Metaspace       used 45499K, capacity 46553K, committed 46720K, reserved 1089536K
  class space    used 5858K, capacity 6238K, committed 6272K, reserved 1048576K
}
Event: 49.465 GC heap before
{Heap before GC invocations=11 (full 0):
 garbage-first heap   total 131072K, used 96804K [0x0000000080000000, 0x0000000100000000)
  region size 1024K, 66 young (67584K), 4 survivors (4096K)
 Metaspace       used 48592K, capacity 49864K, committed 49920K, reserved 1093632K
  class space    used 6207K, capacity 6631K, committed 6656K, reserved 1048576K
}
Event: 49.476 GC heap after
{Heap after GC invocations=12 (full 0):
 garbage-first heap   total 131072K, used 41984K [0x0000000080000000, 0x0000000100000000)
  region size 1024K, 9 young (9216K), 9 survivors (9216K)
 Metaspace       used 48592K, capacity 49864K, committed 49920K, reserved 1093632K
  class space    used 6207K, capacity 6631K, committed 6656K, reserved 1048576K
}
Event: 55.673 GC heap before
{Heap before GC invocations=12 (full 0):
 garbage-first heap   total 131072K, used 97280K [0x0000000080000000, 0x0000000100000000)
  region size 1024K, 63 young (64512K), 9 survivors (9216K)
 Metaspace       used 55495K, capacity 56889K, committed 57088K, reserved 1099776K
  class space    used 7072K, capacity 7572K, committed 7680K, reserved 1048576K
}
Event: 55.688 GC heap after
{Heap after GC invocations=13 (full 0):
 garbage-first heap   total 131072K, used 45456K [0x0000000080000000, 0x0000000100000000)
  region size 1024K, 4 young (4096K), 4 survivors (4096K)
 Metaspace       used 55495K, capacity 56889K, committed 57088K, reserved 1099776K
  class space    used 7072K, capacity 7572K, committed 7680K, reserved 1048576K
}
Event: 58.486 GC heap before
{Heap before GC invocations=13 (full 0):
 garbage-first heap   total 131072K, used 64912K [0x0000000080000000, 0x0000000100000000)
  region size 1024K, 24 young (24576K), 4 survivors (4096K)
 Metaspace       used 58282K, capacity 59742K, committed 59948K, reserved 1101824K
  class space    used 7425K, capacity 7965K, committed 8064K, reserved 1048576K
}
Event: 58.494 GC heap after
{Heap after GC invocations=14 (full 0):
 garbage-first heap   total 131072K, used 45957K [0x0000000080000000, 0x0000000100000000)
  region size 1024K, 4 young (4096K), 4 survivors (4096K)
 Metaspace       used 58282K, capacity 59742K, committed 59948K, reserved 1101824K
  class space    used 7425K, capacity 7965K, committed 8064K, reserved 1048576K
}
Event: 65.526 GC heap before
{Heap before GC invocations=15 (full 0):
 garbage-first heap   total 131072K, used 99205K [0x0000000080000000, 0x0000000100000000)
  region size 1024K, 57 young (58368K), 4 survivors (4096K)
 Metaspace       used 63879K, capacity 65435K, committed 65536K, reserved 1105920K
  class space    used 8100K, capacity 8663K, committed 8704K, reserved 1048576K
}
Event: 65.542 GC heap after
{Heap after GC invocations=16 (full 0):
 garbage-first heap   total 131072K, used 50430K [0x0000000080000000, 0x0000000100000000)
  region size 1024K, 8 young (8192K), 8 survivors (8192K)
 Metaspace       used 63879K, capacity 65435K, committed 65536K, reserved 1105920K
  class space    used 8100K, capacity 8663K, committed 8704K, reserved 1048576K
}

